[2016-09-08 13:15:59]: Calculation on 4 cores with averaging of 5 particles/iteration.
[2016-09-08 13:15:59]: Running    5 out of 105 (  4.76% complete)
[2016-09-08 13:15:59]: Running   10 out of 105 (  9.52% complete)
[2016-09-08 13:15:59]: Running   15 out of 105 ( 14.29% complete)
[2016-09-08 13:15:59]: Running   20 out of 105 ( 19.05% complete)
[2016-09-08 13:15:59]: Running   25 out of 105 ( 23.81% complete)
[2016-09-08 13:15:59]: Running   30 out of 105 ( 28.57% complete)
[2016-09-08 13:16:00]: Running   35 out of 105 ( 33.33% complete)
[2016-09-08 13:16:00]: Running   40 out of 105 ( 38.10% complete)
[2016-09-08 13:16:00]: Running   45 out of 105 ( 42.86% complete)
[2016-09-08 13:16:00]: Running   50 out of 105 ( 47.62% complete)
[2016-09-08 13:16:00]: Running   55 out of 105 ( 52.38% complete)
[2016-09-08 13:16:00]: Running   60 out of 105 ( 57.14% complete)
[2016-09-08 13:16:00]: Running   65 out of 105 ( 61.90% complete)
[2016-09-08 13:16:00]: Running   70 out of 105 ( 66.67% complete)
[2016-09-08 13:16:00]: Running   75 out of 105 ( 71.43% complete)
[2016-09-08 13:16:01]: Running   80 out of 105 ( 76.19% complete)
[2016-09-08 13:16:01]: Running   85 out of 105 ( 80.95% complete)
[2016-09-08 13:16:01]: Running   90 out of 105 ( 85.71% complete)
[2016-09-08 13:16:01]: Running   95 out of 105 ( 90.48% complete)
[2016-09-08 13:16:01]: Running  100 out of 105 ( 95.24% complete)
[2016-09-08 13:16:01]: Finished 105 out of 105 (100.00% complete)
